Running: /opt/Xilinx/14.7/ISE_DS/ISE/bin/lin64/unwrapped/fuse -intstyle ise -incremental -lib unisims_ver -lib unimacro_ver -lib xilinxcorelib_ver -lib secureip -o /home/ise/xilinxcodes/multiplier/test_isim_beh.exe -prj /home/ise/xilinxcodes/multiplier/test_beh.prj work.test work.glbl 
ISim P.20160913 (signature 0xfbc00daa)
Number of CPUs detected in this system: 1
Turning on mult-threading, number of parallel sub-compilation jobs: 0 
Determining compilation order of HDL files
Analyzing Verilog file "/home/ise/xilinxcodes/multiplier/multiplier.v" into library work
Analyzing Verilog file "/home/ise/xilinxcodes/multiplier/test.v" into library work
Analyzing Verilog file "/opt/Xilinx/14.7/ISE_DS/ISE//verilog/src/glbl.v" into library work
Starting static elaboration
Completed static elaboration
Fuse Memory Usage: 95236 KB
Fuse CPU Usage: 1670 ms
Compiling module adder
Compiling module paralleladder
Compiling module rcompliment
Compiling module shifter
Compiling module arshifter
Compiling module multiplier
Compiling module test
Compiling module glbl
Time Resolution for simulation is 1ps.
Compiled 8 Verilog Units
Built simulation executable /home/ise/xilinxcodes/multiplier/test_isim_beh.exe
Fuse Memory Usage: 98484 KB
Fuse CPU Usage: 1750 ms
GCC CPU Usage: 970 ms
